Arguments: 
  /nix/store/9g2w08zkmj60d97bc0ci62w6msfdi9av-nodejs-14.18.3/bin/node /nix/store/ms6qmg7zicwy03rq9radb922ylqywxqq-yarn-1.22.17/bin/yarn dev

PATH: 
  /nix/store/bccsypsvjskpzsgzww8bzjgqmck4bjbf-bash-interactive-5.1-p8/bin:/nix/store/bqmg7l0jn6nhgjlfc981g1imzb6ny8xl-patchelf-0.13/bin:/nix/store/2qwnn6lizc9d119kp3zig3q19gbfm4n6-gcc-wrapper-10.3.0/bin:/nix/store/6r5h4h7nqx73m87j5b9sjwy2x9kyri0k-gcc-10.3.0/bin:/nix/store/csz8v8xi2f644j26n84i20dnqmq43sih-glibc-2.33-117-bin/bin:/nix/store/jd1y449cf66yx5d1hwyjvc4562b1p1am-coreutils-9.0/bin:/nix/store/spm7d6ncyx2k5w8yl6clzynv2s4wf1kp-binutils-wrapper-2.35.2/bin:/nix/store/h19zwlkrp6b0hp3ypbqdcggnyarn3af6-binutils-2.35.2/bin:/nix/store/hfjicp7b7bapjzbn6qxay76di1kiyiai-ruby3.0.3-sass-3.7.4/bin:/nix/store/1aim55ha7z672d71x67b4s2wi1zgv2h0-ruby3.0.3-sass-listen-4.0.0/bin:/nix/store/3307sxaah2mffid0nfnwr5qdxxvp4wmb-ruby3.0.3-rb-fsevent-0.11.0/bin:/nix/store/8n8746awk2p32yswy47sp0wb476b3dci-ruby3.0.3-rb-inotify-0.10.1/bin:/nix/store/03567r0vdxxj39g0d1b1apnvm6ihyqqa-ruby3.0.3-ffi-1.15.4/bin:/nix/store/ra8r42571xvv1m85wanh1ll9mxmp0mwl-nodejs-16.13.2/bin:/nix/store/mj9madzlh0xwcccb30qsnsclfjxr5k1s-vscode-langservers-extracted-3.0.1/bin:/nix/store/rszcnphk27fvfr2hq5pcr07jccf2dqy1-typescript-language-server-0.9.6/bin:/nix/store/ms6qmg7zicwy03rq9radb922ylqywxqq-yarn-1.22.17/bin:/nix/store/jjvw20r6pz3ff7pn91yhvfx8s7izsqan-findutils-4.8.0/bin:/nix/store/ndd6gh8zigjy0j68arj7nyrbcw4kcw01-diffutils-3.8/bin:/nix/store/bpg0ia8nkavzw7s66avi1f9nz72i1p3r-gnused-4.8/bin:/nix/store/df3ff57sbkgbdhc4ar19zs4y0hrhggii-gnugrep-3.7/bin:/nix/store/4fv981732jqzirah3h2y6ynmlsfbxb37-gawk-5.1.1/bin:/nix/store/k5ifa08z0qlkknnb8s1bdh2kdrx0qmd0-gnutar-1.34/bin:/nix/store/dcird3wn9xywy49w3qq1hpjwvjfn3lph-gzip-1.11/bin:/nix/store/s85iyc3p9nbinwvwx9rcqirf1m68zpmm-bzip2-1.0.6.0.2-bin/bin:/nix/store/msncxcf5lgy5by9cqjyxchxd26x47d64-gnumake-4.3/bin:/nix/store/bm7jr70d9ghn5cczb3q0w90apsm05p54-bash-5.1-p8/bin:/nix/store/gi3psbgxbf2fmvgi36pmw77nnh58vq3l-patch-2.7.6/bin:/nix/store/sqb20f4rk80lw21j4is85qwljlphmn3g-xz-5.2.5-bin/bin:/nix/store/sgqd0ajghcv2axfl1lad0b1alyavp0dc-prybar-elisp-0.0.0-67f7a00/bin:/nix/store/p3hsvljpgs68jqwar41lc0jqhjj734lf-prybar-lua-0.0.0-67f7a00/bin:/nix/store/qzxs2gybds3s9kb1vkaflpgm2nwr85fh-prybar-python3-0.0.0-67f7a00/bin:/nix/store/km94z9mxp8w4m8gxxp5mbfpdf3nkfvd8-prybar-sqlite-0.0.0-67f7a00/bin:/nix/store/2pnc7b76asw0z59c4l6h6qy8arwqrii1-prybar-tcl-0.0.0-67f7a00/bin:/nix/store/hpbvrlwd5viqmvcaisb3x0118i913a9n-stderred-0.1.0/bin:/nix/store/hij98da2ivv7zxgxhvbprg55aqzgr2s7-upm-0.0.0-abe5cc5/bin:/nix/store/608wsncdhfp15msr6h16fxvcyp24gjah-pid1-0.0.0-36b38e6/bin:/nix/store/22jj08nss8zvbgk52ikj09ssg6rw84rv-silver-searcher-2.2.0/bin:/nix/store/d3whkb9c3znnicbj5m6g5qwa7ia60z8i-bash/bin:/nix/store/176gh50y24c0lx2bnnmsvf9wazb73php-coreutils-9.0/bin:/nix/store/zaamc32wijqka1mg8w2gr1f6bgvs7yyz-vscode-cpptools-dap-1.3.1/bin:/nix/store/ann2w0blx5vrc8mw1hwnvb37gry6ci9a-replit-python-dap-wrapper-1.0.0/bin:/nix/store/gvzyha79wkr1xazax4fd9nnbj8yp9rv6-node-dap/bin:/nix/store/lyzn4qly8k878lgfy1b399w58q4khys2-fluxbox/bin:/nix/store/29fdcv1yhlll61ml8a31qdkrbprxd7gs-prybar-nodejs-0.0.0-67f7a00/bin:/nix/store/mav4251if1ahjq5vkpwycyyvnmy459c4-pulseaudio-14.2/bin:/nix/store/2py1rvdx7y7fbi0yffw7dq2bacd15605-rfbproxy-0.0.0-b81eb2f/bin:/nix/store/xwl0wqr3g68mx2b60qja3kn865gf45x5-toml-editor-0.0.0-5aba775/bin:/nix/store/bfmyvk668bl0n294qancg8sg5x42p9vx-nix-editor-0.0.0-8e65b7f/bin:/nix/store/0b2bvviijkvq2nvm04dbq3lwlq7h742m-tigervnc-1.12.0/bin:/nix/store/7v07bmyfjq0jdnx6xwxlib05na8kksdf-xwininfo-1.1.4/bin:/nix/store/gfvyxpnr8ji58pdhy7ns4zqy57z34aqm-replbox/bin:/nix/store/4522jkjzj2nlx2z67325aylg6ngvvg2h-curl-7.80.0-bin/bin:/nix/store/sdpqvnmahizaxbs3nnzmgfgyqsdxb1bw-gnutar-1.34/bin:/home/runner/.nix-profile/bin:/home/runner/.local/bin:/usr/local/sbin:/usr/local/bin:/usr/sbin:/usr/bin:/sbin:/bin

Yarn version: 
  1.22.17

Node version: 
  14.18.3

Platform: 
  linux x64

Trace: 
  SyntaxError: /home/runner/Curso-de-SaSS-Matheus-Battisti/package.json: Unexpected token } in JSON at position 213
      at JSON.parse (<anonymous>)
      at /nix/store/ms6qmg7zicwy03rq9radb922ylqywxqq-yarn-1.22.17/lib/node_modules/yarn/lib/cli.js:1625:59
      at Generator.next (<anonymous>)
      at step (/nix/store/ms6qmg7zicwy03rq9radb922ylqywxqq-yarn-1.22.17/lib/node_modules/yarn/lib/cli.js:310:30)
      at /nix/store/ms6qmg7zicwy03rq9radb922ylqywxqq-yarn-1.22.17/lib/node_modules/yarn/lib/cli.js:321:13

npm manifest: 
  {
    "name": "my-project",
    "private": true,
    "version": "0.0.0",
    "scripts": {
      "dev": "vite",
      "build": "vite build",
      "preview": "vite preview"
    },
    "devDependencies": {
      "vite": "^2.9.9"
    },
  
  }

yarn manifest: 
  No manifest

Lockfile: 
  # THIS IS AN AUTOGENERATED FILE. DO NOT EDIT THIS FILE DIRECTLY.
  # yarn lockfile v1
  
  
  "anymatch@~3.1.2":
    "integrity" "sha512-P43ePfOAIupkguHUycrc4qJ9kz8ZiuOUijaETwX7THt0Y/GNK7v0aa8rY816xWjZ7rJdA5XdMcpVFTKMq+RvWg=="
    "resolved" "https://registry.npmjs.org/anymatch/-/anymatch-3.1.2.tgz"
    "version" "3.1.2"
    dependencies:
      "normalize-path" "^3.0.0"
      "picomatch" "^2.0.4"
  
  "binary-extensions@^2.0.0":
    "integrity" "sha512-jDctJ/IVQbZoJykoeHbhXpOlNBqGNcwXJKJog42E5HDPUwQTSdjCHdihjj0DlnheQ7blbT6dHOafNAiS8ooQKA=="
    "resolved" "https://registry.npmjs.org/binary-extensions/-/binary-extensions-2.2.0.tgz"
    "version" "2.2.0"
  
  "braces@~3.0.2":
    "integrity" "sha512-b8um+L1RzM3WDSzvhm6gIz1yfTbBt6YTlcEKAvsmqCZZFw46z626lVj9j1yEPW33H5H+lBQpZMP1k8l+78Ha0A=="
    "resolved" "https://registry.npmjs.org/braces/-/braces-3.0.2.tgz"
    "version" "3.0.2"
    dependencies:
      "fill-range" "^7.0.1"
  
  "chokidar@>=3.0.0 <4.0.0":
    "integrity" "sha512-Dr3sfKRP6oTcjf2JmUmFJfeVMvXBdegxB0iVQ5eb2V10uFJUCAS8OByZdVAyVb8xXNz3GjjTgj9kLWsZTqE6kw=="
    "resolved" "https://registry.npmjs.org/chokidar/-/chokidar-3.5.3.tgz"
    "version" "3.5.3"
    dependencies:
      "anymatch" "~3.1.2"
      "braces" "~3.0.2"
      "glob-parent" "~5.1.2"
      "is-binary-path" "~2.1.0"
      "is-glob" "~4.0.1"
      "normalize-path" "~3.0.0"
      "readdirp" "~3.6.0"
    optionalDependencies:
      "fsevents" "~2.3.2"
  
  "esbuild-linux-64@0.14.39":
    "integrity" "sha512-4tcgFDYWdI+UbNMGlua9u1Zhu0N5R6u9tl5WOM8aVnNX143JZoBZLpCuUr5lCKhnD0SCO+5gUyMfupGrHtfggQ=="
    "resolved" "https://registry.npmjs.org/esbuild-linux-64/-/esbuild-linux-64-0.14.39.tgz"
    "version" "0.14.39"
  
  "esbuild@^0.14.27":
    "integrity" "sha512-2kKujuzvRWYtwvNjYDY444LQIA3TyJhJIX3Yo4+qkFlDDtGlSicWgeHVJqMUP/2sSfH10PGwfsj+O2ro1m10xQ=="
    "resolved" "https://registry.npmjs.org/esbuild/-/esbuild-0.14.39.tgz"
    "version" "0.14.39"
    optionalDependencies:
      "esbuild-android-64" "0.14.39"
      "esbuild-android-arm64" "0.14.39"
      "esbuild-darwin-64" "0.14.39"
      "esbuild-darwin-arm64" "0.14.39"
      "esbuild-freebsd-64" "0.14.39"
      "esbuild-freebsd-arm64" "0.14.39"
      "esbuild-linux-32" "0.14.39"
      "esbuild-linux-64" "0.14.39"
      "esbuild-linux-arm" "0.14.39"
      "esbuild-linux-arm64" "0.14.39"
      "esbuild-linux-mips64le" "0.14.39"
      "esbuild-linux-ppc64le" "0.14.39"
      "esbuild-linux-riscv64" "0.14.39"
      "esbuild-linux-s390x" "0.14.39"
      "esbuild-netbsd-64" "0.14.39"
      "esbuild-openbsd-64" "0.14.39"
      "esbuild-sunos-64" "0.14.39"
      "esbuild-windows-32" "0.14.39"
      "esbuild-windows-64" "0.14.39"
      "esbuild-windows-arm64" "0.14.39"
  
  "fill-range@^7.0.1":
    "integrity" "sha512-qOo9F+dMUmC2Lcb4BbVvnKJxTPjCm+RRpe4gDuGrzkL7mEVl/djYSu2OdQ2Pa302N4oqkSg9ir6jaLWJ2USVpQ=="
    "resolved" "https://registry.npmjs.org/fill-range/-/fill-range-7.0.1.tgz"
    "version" "7.0.1"
    dependencies:
      "to-regex-range" "^5.0.1"
  
  "function-bind@^1.1.1":
    "integrity" "sha512-yIovAzMX49sF8Yl58fSCWJ5svSLuaibPxXQJFLmBObTuCr0Mf1KiPopGM9NiFjiYBCbfaa2Fh6breQ6ANVTI0A=="
    "resolved" "https://registry.npmjs.org/function-bind/-/function-bind-1.1.1.tgz"
    "version" "1.1.1"
  
  "glob-parent@~5.1.2":
    "integrity" "sha512-AOIgSQCepiJYwP3ARnGx+5VnTu2HBYdzbGP45eLw1vr3zB3vZLeyed1sC9hnbcOc9/SrMyM5RPQrkGz4aS9Zow=="
    "resolved" "https://registry.npmjs.org/glob-parent/-/glob-parent-5.1.2.tgz"
    "version" "5.1.2"
    dependencies:
      "is-glob" "^4.0.1"
  
  "has@^1.0.3":
    "integrity" "sha512-f2dvO0VU6Oej7RkWJGrehjbzMAjFp5/VKPp5tTpWIV4JHHZK1/BxbFRtf/siA2SWTe09caDmVtYYzWEIbBS4zw=="
    "resolved" "https://registry.npmjs.org/has/-/has-1.0.3.tgz"
    "version" "1.0.3"
    dependencies:
      "function-bind" "^1.1.1"
  
  "immutable@^4.0.0":
    "integrity" "sha512-oNkuqVTA8jqG1Q6c+UglTOD1xhC1BtjKI7XkCXRkZHrN5m18/XsnUp8Q89GkQO/z+0WjonSvl0FLhDYftp46nQ=="
    "resolved" "https://registry.npmjs.org/immutable/-/immutable-4.1.0.tgz"
    "version" "4.1.0"
  
  "is-binary-path@~2.1.0":
    "integrity" "sha512-ZMERYes6pDydyuGidse7OsHxtbI7WVeUEozgR/g7rd0xUimYNlvZRE/K2MgZTjWy725IfelLeVcEM97mmtRGXw=="
    "resolved" "https://registry.npmjs.org/is-binary-path/-/is-binary-path-2.1.0.tgz"
    "version" "2.1.0"
    dependencies:
      "binary-extensions" "^2.0.0"
  
  "is-core-module@^2.8.1":
    "integrity" "sha512-+5FPy5PnwmO3lvfMb0AsoPaBG+5KHUI0wYFXOtYPnVVVspTFUuMZNfNaNVRt3FZadstu2c8x23vykRW/NBoU6A=="
    "resolved" "https://registry.npmjs.org/is-core-module/-/is-core-module-2.9.0.tgz"
    "version" "2.9.0"
    dependencies:
      "has" "^1.0.3"
  
  "is-extglob@^2.1.1":
    "integrity" "sha512-SbKbANkN603Vi4jEZv49LeVJMn4yGwsbzZworEoyEiutsN3nJYdbO36zfhGJ6QEDpOZIFkDtnq5JRxmvl3jsoQ=="
    "resolved" "https://registry.npmjs.org/is-extglob/-/is-extglob-2.1.1.tgz"
    "version" "2.1.1"
  
  "is-glob@^4.0.1", "is-glob@~4.0.1":
    "integrity" "sha512-xelSayHH36ZgE7ZWhli7pW34hNbNl8Ojv5KVmkJD4hBdD3th8Tfk9vYasLM+mXWOZhFkgZfxhLSnrwRr4elSSg=="
    "resolved" "https://registry.npmjs.org/is-glob/-/is-glob-4.0.3.tgz"
    "version" "4.0.3"
    dependencies:
      "is-extglob" "^2.1.1"
  
  "is-number@^7.0.0":
    "integrity" "sha512-41Cifkg6e8TylSpdtTpeLVMqvSBEVzTttHvERD741+pnZ8ANv0004MRL43QKPDlK9cGvNp6NZWZUBlbGXYxxng=="
    "resolved" "https://registry.npmjs.org/is-number/-/is-number-7.0.0.tgz"
    "version" "7.0.0"
  
  "nanoid@^3.3.3":
    "integrity" "sha512-MqBkQh/OHTS2egovRtLk45wEyNXwF+cokD+1YPf9u5VfJiRdAiRwB2froX5Co9Rh20xs4siNPm8naNotSD6RBw=="
    "resolved" "https://registry.npmjs.org/nanoid/-/nanoid-3.3.4.tgz"
    "version" "3.3.4"
  
  "normalize-path@^3.0.0", "normalize-path@~3.0.0":
    "integrity" "sha512-6eZs5Ls3WtCisHWp9S2GUy8dqkpGi4BVSz3GaqiE6ezub0512ESztXUwUB6C6IKbQkY2Pnb/mD4WYojCRwcwLA=="
    "resolved" "https://registry.npmjs.org/normalize-path/-/normalize-path-3.0.0.tgz"
    "version" "3.0.0"
  
  "path-parse@^1.0.7":
    "integrity" "sha512-LDJzPVEEEPR+y48z93A0Ed0yXb8pAByGWo/k5YYdYgpY2/2EsOsksJrq7lOHxryrVOn1ejG6oAp8ahvOIQD8sw=="
    "resolved" "https://registry.npmjs.org/path-parse/-/path-parse-1.0.7.tgz"
    "version" "1.0.7"
  
  "picocolors@^1.0.0":
    "integrity" "sha512-1fygroTLlHu66zi26VoTDv8yRgm0Fccecssto+MhsZ0D/DGW2sm8E8AjW7NU5VVTRt5GxbeZ5qBuJr+HyLYkjQ=="
    "resolved" "https://registry.npmjs.org/picocolors/-/picocolors-1.0.0.tgz"
    "version" "1.0.0"
  
  "picomatch@^2.0.4", "picomatch@^2.2.1":
    "integrity" "sha512-JU3teHTNjmE2VCGFzuY8EXzCDVwEqB2a8fsIvwaStHhAWJEeVd1o1QD80CU6+ZdEXXSLbSsuLwJjkCBWqRQUVA=="
    "resolved" "https://registry.npmjs.org/picomatch/-/picomatch-2.3.1.tgz"
    "version" "2.3.1"
  
  "postcss@^8.4.13":
    "integrity" "sha512-jtL6eTBrza5MPzy8oJLFuUscHDXTV5KcLlqAWHl5q5WYRfnNRGSmOZmOZ1T6Gy7A99mOZfqungmZMpMmCVJ8ZA=="
    "resolved" "https://registry.npmjs.org/postcss/-/postcss-8.4.13.tgz"
    "version" "8.4.13"
    dependencies:
      "nanoid" "^3.3.3"
      "picocolors" "^1.0.0"
      "source-map-js" "^1.0.2"
  
  "readdirp@~3.6.0":
    "integrity" "sha512-hOS089on8RduqdbhvQ5Z37A0ESjsqz6qnRcffsMU3495FuTdqSm+7bhJ29JvIOsBDEEnan5DPu9t3To9VRlMzA=="
    "resolved" "https://registry.npmjs.org/readdirp/-/readdirp-3.6.0.tgz"
    "version" "3.6.0"
    dependencies:
      "picomatch" "^2.2.1"
  
  "resolve@^1.22.0":
    "integrity" "sha512-Hhtrw0nLeSrFQ7phPp4OOcVjLPIeMnRlr5mcnVuMe7M/7eBn98A3hmFRLoFo3DLZkivSYwhRUJTyPyWAk56WLw=="
    "resolved" "https://registry.npmjs.org/resolve/-/resolve-1.22.0.tgz"
    "version" "1.22.0"
    dependencies:
      "is-core-module" "^2.8.1"
      "path-parse" "^1.0.7"
      "supports-preserve-symlinks-flag" "^1.0.0"
  
  "rollup@^2.59.0":
    "integrity" "sha512-h/UngC3S4Zt28mB3g0+2YCMegT5yoftnQplwzPqGZcKvlld5e+kT/QRmJiL+qxGyZKOYpgirWGdLyEO1b0dpLQ=="
    "resolved" "https://registry.npmjs.org/rollup/-/rollup-2.73.0.tgz"
    "version" "2.73.0"
    optionalDependencies:
      "fsevents" "~2.3.2"
  
  "sass@*", "sass@^1.54.9":
    "integrity" "sha512-xb1hjASzEH+0L0WI9oFjqhRi51t/gagWnxLiwUNMltA0Ab6jIDkAacgKiGYKM9Jhy109osM7woEEai6SXeJo5Q=="
    "resolved" "https://registry.npmjs.org/sass/-/sass-1.54.9.tgz"
    "version" "1.54.9"
    dependencies:
      "chokidar" ">=3.0.0 <4.0.0"
      "immutable" "^4.0.0"
      "source-map-js" ">=0.6.2 <2.0.0"
  
  "source-map-js@^1.0.2", "source-map-js@>=0.6.2 <2.0.0":
    "integrity" "sha512-R0XvVJ9WusLiqTCEiGCmICCMplcCkIwwR11mOSD9CR5u+IXYdiseeEuXCVAjS54zqwkLcPNnmU4OeJ6tUrWhDw=="
    "resolved" "https://registry.npmjs.org/source-map-js/-/source-map-js-1.0.2.tgz"
    "version" "1.0.2"
  
  "supports-preserve-symlinks-flag@^1.0.0":
    "integrity" "sha512-ot0WnXS9fgdkgIcePe6RHNk1WA8+muPa6cSjeR3V8K27q9BB1rTE3R1p7Hv0z1ZyAc8s6Vvv8DIyWf681MAt0w=="
    "resolved" "https://registry.npmjs.org/supports-preserve-symlinks-flag/-/supports-preserve-symlinks-flag-1.0.0.tgz"
    "version" "1.0.0"
  
  "to-regex-range@^5.0.1":
    "integrity" "sha512-65P7iz6X5yEr1cwcgvQxbbIw7Uk3gOy5dIdtZ4rDveLqhrdJP+Li/Hx6tyK0NEb+2GCyneCMJiGqrADCSNk8sQ=="
    "resolved" "https://registry.npmjs.org/to-regex-range/-/to-regex-range-5.0.1.tgz"
    "version" "5.0.1"
    dependencies:
      "is-number" "^7.0.0"
  
  "vite@^2.9.9":
    "integrity" "sha512-ffaam+NgHfbEmfw/Vuh6BHKKlI/XIAhxE5QSS7gFLIngxg171mg1P3a4LSRME0z2ZU1ScxoKzphkipcYwSD5Ew=="
    "resolved" "https://registry.npmjs.org/vite/-/vite-2.9.9.tgz"
    "version" "2.9.9"
    dependencies:
      "esbuild" "^0.14.27"
      "postcss" "^8.4.13"
      "resolve" "^1.22.0"
      "rollup" "^2.59.0"
    optionalDependencies:
      "fsevents" "~2.3.2"
